<?xml version="1.0" encoding="utf-8"?><testsuites name="pytest tests"><testsuite name="pytest" errors="0" failures="2" skipped="0" tests="11" time="0.672" timestamp="2026-01-17T14:04:08.226447+00:00" hostname="agent-env-cc51093e-3842-4a72-9c3d-eb89d3c3985a"><testcase classname="tests.test_newsletter_api.TestAPIHealth" name="test_api_root_returns_welcome" time="0.097" /><testcase classname="tests.test_newsletter_api.TestAPIHealth" name="test_api_status_endpoint" time="0.048" /><testcase classname="tests.test_newsletter_api.TestNewsletterAPI" name="test_newsletter_subscribe_success" time="0.044" /><testcase classname="tests.test_newsletter_api.TestNewsletterAPI" name="test_newsletter_duplicate_email_handled" time="0.090" /><testcase classname="tests.test_newsletter_api.TestNewsletterAPI" name="test_newsletter_invalid_email_rejected" time="0.041" /><testcase classname="tests.test_newsletter_api.TestNewsletterAPI" name="test_newsletter_empty_email_rejected" time="0.033" /><testcase classname="tests.test_newsletter_api.TestNewsletterAPI" name="test_newsletter_get_subscriptions" time="0.039" /><testcase classname="tests.test_newsletter_api.TestContactAPI" name="test_contact_form_submission" time="0.041" /><testcase classname="tests.test_newsletter_api.TestContactAPI" name="test_contact_form_validation" time="0.037" /><testcase classname="tests.test_newsletter_api.TestTestimonialsAPI" name="test_get_testimonials" time="0.041"><failure message="assert False&#10; +  where False = isinstance({'data': [{'active': True, 'content': 'Alfa Global transformed my financial future! Their expert guidance helped me grow my investments and plan for retirement with confidence.', 'createdAt': '2025-11-25T03:36:06.683000', 'id': 'test1', ...}, {'active': True, 'content': 'The team at Alfa Global is top-notch. Their personalized approach to wealth management gave me peace of mind knowing my finances are in good hands.', 'createdAt': '2025-11-25T03:36:06.683000', 'id': 'test2', ...}, {'active': True, 'content': &quot;Trust, transparency, and results—that's what Alfa Global delivers. Their expertise helped me optimize my portfolio and secure my family's financial future.&quot;, 'createdAt': '2025-11-25T03:36:06.683000', 'id': 'test3', ...}], 'success': True}, list)">tests/test_newsletter_api.py:138: in test_get_testimonials
    assert isinstance(data, list)
E   assert False
E    +  where False = isinstance({'data': [{'active': True, 'content': 'Alfa Global transformed my financial future! Their expert guidance helped me grow my investments and plan for retirement with confidence.', 'createdAt': '2025-11-25T03:36:06.683000', 'id': 'test1', ...}, {'active': True, 'content': 'The team at Alfa Global is top-notch. Their personalized approach to wealth management gave me peace of mind knowing my finances are in good hands.', 'createdAt': '2025-11-25T03:36:06.683000', 'id': 'test2', ...}, {'active': True, 'content': "Trust, transparency, and results—that's what Alfa Global delivers. Their expertise helped me optimize my portfolio and secure my family's financial future.", 'createdAt': '2025-11-25T03:36:06.683000', 'id': 'test3', ...}], 'success': True}, list)</failure></testcase><testcase classname="tests.test_newsletter_api.TestInsightsAPI" name="test_get_insights" time="0.041"><failure message="assert False&#10; +  where False = isinstance({'data': [{'category': 'Market Analysis', 'content': 'As we navigate through 2024, the financial landscape continues to evolve with new opportunities and challenges. Our expert team analyzes current market trends and provides strategic insights for investors looking to maximize their returns while managing risk effectively.', 'createdAt': '2025-11-25T03:36:06.687000', 'date': '2024-03-15T00:00:00', ...}, {'category': 'Wealth Management', 'content': &quot;Wealth preservation requires a comprehensive approach that balances growth potential with risk management. Learn about the latest strategies our advisors recommend for protecting and growing your family's assets across generations.&quot;, 'createdAt': '2025-11-25T03:36:06.687000', 'date': '2024-02-20T00:00:00', ...}, {'category': 'Investment Strategy', 'content': 'Alternative investments continue to gain traction among sophisticated investors seeking diversification and enhanced returns. Discover the latest opportunities in private equity, hedge funds, and other alternative asset classes.', 'createdAt': '2025-11-25T03:36:06.687000', 'date': '2024-01-10T00:00:00', ...}], 'success': True}, list)">tests/test_newsletter_api.py:149: in test_get_insights
    assert isinstance(data, list)
E   assert False
E    +  where False = isinstance({'data': [{'category': 'Market Analysis', 'content': 'As we navigate through 2024, the financial landscape continues to evolve with new opportunities and challenges. Our expert team analyzes current market trends and provides strategic insights for investors looking to maximize their returns while managing risk effectively.', 'createdAt': '2025-11-25T03:36:06.687000', 'date': '2024-03-15T00:00:00', ...}, {'category': 'Wealth Management', 'content': "Wealth preservation requires a comprehensive approach that balances growth potential with risk management. Learn about the latest strategies our advisors recommend for protecting and growing your family's assets across generations.", 'createdAt': '2025-11-25T03:36:06.687000', 'date': '2024-02-20T00:00:00', ...}, {'category': 'Investment Strategy', 'content': 'Alternative investments continue to gain traction among sophisticated investors seeking diversification and enhanced returns. Discover the latest opportunities in private equity, hedge funds, and other alternative asset classes.', 'createdAt': '2025-11-25T03:36:06.687000', 'date': '2024-01-10T00:00:00', ...}], 'success': True}, list)</failure></testcase></testsuite></testsuites>