<?xml version="1.0" encoding="utf-8"?><testsuites name="pytest tests"><testsuite name="pytest" errors="0" failures="0" skipped="0" tests="7" time="2.436" timestamp="2026-04-16T05:44:15.105240+00:00" hostname="agent-env-130411b6-5325-459b-ac58-8ff11713a52c"><testcase classname="backend.tests.test_market_data.TestMarketDataAPI" name="test_market_data_endpoint_returns_200" time="1.587" /><testcase classname="backend.tests.test_market_data.TestMarketDataAPI" name="test_market_data_returns_success_true" time="0.102" /><testcase classname="backend.tests.test_market_data.TestMarketDataAPI" name="test_market_data_contains_required_keys" time="0.148" /><testcase classname="backend.tests.test_market_data.TestMarketDataAPI" name="test_sensex_value_is_realistic" time="0.111" /><testcase classname="backend.tests.test_market_data.TestMarketDataAPI" name="test_nifty_value_is_realistic" time="0.120" /><testcase classname="backend.tests.test_market_data.TestMarketDataAPI" name="test_usd_inr_value_is_realistic" time="0.135" /><testcase classname="backend.tests.test_market_data.TestMarketDataAPI" name="test_market_data_structure" time="0.147" /></testsuite></testsuites>